2019-10-04 09:33:51.359  INFO 7576 --- [restartedMain] com.cg.pcm.ProjectCodeModuleApplication  : Starting ProjectCodeModuleApplication on PUNHWD12802 with PID 7576 (D:\Krishna\STS\ProjectCode\target\classes started by kriverma in D:\Krishna\STS\ProjectCode)
2019-10-04 09:33:51.387  INFO 7576 --- [restartedMain] com.cg.pcm.ProjectCodeModuleApplication  : No active profile set, falling back to default profiles: default
2019-10-04 09:33:51.472  INFO 7576 --- [restartedMain] .e.DevToolsPropertyDefaultsPostProcessor : Devtools property defaults active! Set 'spring.devtools.add-properties' to 'false' to disable
2019-10-04 09:33:51.472  INFO 7576 --- [restartedMain] .e.DevToolsPropertyDefaultsPostProcessor : For additional web related logging consider setting the 'logging.level.web' property to 'DEBUG'
2019-10-04 09:33:52.181  INFO 7576 --- [restartedMain] .s.d.r.c.RepositoryConfigurationDelegate : Bootstrapping Spring Data repositories in DEFAULT mode.
2019-10-04 09:33:52.230  INFO 7576 --- [restartedMain] .s.d.r.c.RepositoryConfigurationDelegate : Finished Spring Data repository scanning in 43ms. Found 1 repository interfaces.
2019-10-04 09:33:52.454  INFO 7576 --- [restartedMain] trationDelegate$BeanPostProcessorChecker : Bean 'org.springframework.transaction.annotation.ProxyTransactionManagementConfiguration' of type [org.springframework.transaction.annotation.ProxyTransactionManagementConfiguration$$EnhancerBySpringCGLIB$$a9434f5f] is not eligible for getting processed by all BeanPostProcessors (for example: not eligible for auto-proxying)
2019-10-04 09:33:52.787  INFO 7576 --- [restartedMain] o.s.b.w.embedded.tomcat.TomcatWebServer  : Tomcat initialized with port(s): 8082 (http)
2019-10-04 09:33:52.831  INFO 7576 --- [restartedMain] o.apache.catalina.core.StandardService   : Starting service [Tomcat]
2019-10-04 09:33:52.831  INFO 7576 --- [restartedMain] org.apache.catalina.core.StandardEngine  : Starting Servlet engine: [Apache Tomcat/9.0.24]
2019-10-04 09:33:52.983  INFO 7576 --- [restartedMain] o.a.c.c.C.[Tomcat].[localhost].[/]       : Initializing Spring embedded WebApplicationContext
2019-10-04 09:33:52.983  INFO 7576 --- [restartedMain] o.s.web.context.ContextLoader            : Root WebApplicationContext: initialization completed in 1511 ms
2019-10-04 09:33:53.158  INFO 7576 --- [restartedMain] com.zaxxer.hikari.HikariDataSource       : HikariPool-1 - Starting...
2019-10-04 09:33:53.195  INFO 7576 --- [restartedMain] com.zaxxer.hikari.HikariDataSource       : HikariPool-1 - Start completed.
2019-10-04 09:33:53.248  INFO 7576 --- [restartedMain] o.hibernate.jpa.internal.util.LogHelper  : HHH000204: Processing PersistenceUnitInfo [
	name: default
	...]
2019-10-04 09:33:53.400  INFO 7576 --- [restartedMain] org.hibernate.Version                    : HHH000412: Hibernate Core {5.3.11.Final}
2019-10-04 09:33:53.401  INFO 7576 --- [restartedMain] org.hibernate.cfg.Environment            : HHH000206: hibernate.properties not found
2019-10-04 09:33:53.533  INFO 7576 --- [restartedMain] o.hibernate.annotations.common.Version   : HCANN000001: Hibernate Commons Annotations {5.0.4.Final}
2019-10-04 09:33:53.669  INFO 7576 --- [restartedMain] org.hibernate.dialect.Dialect            : HHH000400: Using dialect: org.hibernate.dialect.MariaDB103Dialect
2019-10-04 09:33:54.505  INFO 7576 --- [restartedMain] j.LocalContainerEntityManagerFactoryBean : Initialized JPA EntityManagerFactory for persistence unit 'default'
2019-10-04 09:33:54.583  INFO 7576 --- [restartedMain] o.s.b.d.a.OptionalLiveReloadServer       : LiveReload server is running on port 35729
2019-10-04 09:33:54.885  INFO 7576 --- [restartedMain] o.s.s.concurrent.ThreadPoolTaskExecutor  : Initializing ExecutorService 'applicationTaskExecutor'
2019-10-04 09:33:54.913  WARN 7576 --- [restartedMain] aWebConfiguration$JpaWebMvcConfiguration : spring.jpa.open-in-view is enabled by default. Therefore, database queries may be performed during view rendering. Explicitly configure spring.jpa.open-in-view to disable this warning
2019-10-04 09:33:55.128  INFO 7576 --- [restartedMain] o.s.b.w.embedded.tomcat.TomcatWebServer  : Tomcat started on port(s): 8082 (http) with context path ''
2019-10-04 09:33:55.131  INFO 7576 --- [restartedMain] com.cg.pcm.ProjectCodeModuleApplication  : Started ProjectCodeModuleApplication in 4.6 seconds (JVM running for 7.133)
2019-10-04 09:33:55.133  INFO 7576 --- [restartedMain] com.cg.pcm.ProjectCodeModuleApplication  : something
2019-10-04 09:34:07.188  INFO 7576 --- [http-nio-8082-exec-1] o.a.c.c.C.[Tomcat].[localhost].[/]       : Initializing Spring DispatcherServlet 'dispatcherServlet'
2019-10-04 09:34:07.189  INFO 7576 --- [http-nio-8082-exec-1] o.s.web.servlet.DispatcherServlet        : Initializing Servlet 'dispatcherServlet'
2019-10-04 09:34:07.196  INFO 7576 --- [http-nio-8082-exec-1] o.s.web.servlet.DispatcherServlet        : Completed initialization in 7 ms
2019-10-04 09:34:07.235  INFO 7576 --- [http-nio-8082-exec-1] com.cg.pcm.controller.ProjectController  : Fetching all Projects... 
2019-10-04 09:34:07.235  INFO 7576 --- [http-nio-8082-exec-1] com.cg.pcm.controller.ProjectController  : Fetching All Projects...
2019-10-04 09:34:07.266  INFO 7576 --- [http-nio-8082-exec-1] o.h.h.i.QueryTranslatorFactoryInitiator  : HHH000397: Using ASTQueryTranslatorFactory
2019-10-04 09:34:10.785  INFO 7576 --- [http-nio-8082-exec-3] com.cg.pcm.controller.ProjectController  : Fetching all Projects... 
2019-10-04 09:34:10.786  INFO 7576 --- [http-nio-8082-exec-3] com.cg.pcm.controller.ProjectController  : Fetching All Projects...
2019-10-04 09:34:13.582  INFO 7576 --- [http-nio-8082-exec-4] com.cg.pcm.controller.ProjectController  : displaying project by given Id...
2019-10-04 09:34:13.725  INFO 7576 --- [http-nio-8082-exec-4] com.cg.pcm.controller.ProjectController  : Fetching Project by given Id...
2019-10-04 09:34:19.008  INFO 7576 --- [http-nio-8082-exec-5] com.cg.pcm.controller.ProjectController  : displaying project by given Id...
2019-10-04 09:34:19.013  INFO 7576 --- [http-nio-8082-exec-5] com.cg.pcm.controller.ProjectController  : Given ID Doesn't exists...
2019-10-04 09:34:36.867  INFO 7576 --- [http-nio-8082-exec-7] com.cg.pcm.controller.ProjectController  : ProjectDescription validated Succesfully...
2019-10-04 09:34:36.868  INFO 7576 --- [http-nio-8082-exec-7] com.cg.pcm.controller.ProjectController  : Start And End Date validated Succesfully...
2019-10-04 09:34:36.868  INFO 7576 --- [http-nio-8082-exec-7] com.cg.pcm.controller.ProjectController  : Project Added
2019-10-04 09:34:36.868  INFO 7576 --- [http-nio-8082-exec-7] com.cg.pcm.controller.ProjectController  : Project added Succesfully...
2019-10-04 09:37:59.974  INFO 7576 --- [http-nio-8082-exec-9] com.cg.pcm.controller.ProjectController  : ProjectDescription validated Succesfully...
2019-10-04 09:37:59.974  INFO 7576 --- [http-nio-8082-exec-9] com.cg.pcm.controller.ProjectController  : Start And End Date validated Succesfully...
2019-10-04 09:37:59.975  INFO 7576 --- [http-nio-8082-exec-9] com.cg.pcm.controller.ProjectController  : Project Added
2019-10-04 09:37:59.975  INFO 7576 --- [http-nio-8082-exec-9] com.cg.pcm.controller.ProjectController  : Project added Succesfully...
2019-10-04 09:38:02.572  INFO 7576 --- [http-nio-8082-exec-10] com.cg.pcm.controller.ProjectController  : Fetching all Projects... 
2019-10-04 09:38:02.573  INFO 7576 --- [http-nio-8082-exec-10] com.cg.pcm.controller.ProjectController  : Fetching All Projects...
2019-10-04 09:38:10.511  INFO 7576 --- [http-nio-8082-exec-2] com.cg.pcm.controller.ProjectController  : Fetching all Projects... 
2019-10-04 09:38:10.511  INFO 7576 --- [http-nio-8082-exec-2] com.cg.pcm.controller.ProjectController  : Fetching All Projects...
2019-10-04 09:38:13.778  INFO 7576 --- [http-nio-8082-exec-3] com.cg.pcm.controller.ProjectController  : displaying project by given Id...
2019-10-04 09:38:13.784  INFO 7576 --- [http-nio-8082-exec-3] com.cg.pcm.controller.ProjectController  : Fetching Project by given Id...
2019-10-04 09:38:19.031  INFO 7576 --- [http-nio-8082-exec-6] com.cg.pcm.controller.ProjectController  : ProjectDescription validated Succesfully...
2019-10-04 09:38:19.032  INFO 7576 --- [http-nio-8082-exec-6] com.cg.pcm.controller.ProjectController  : Start And End Date validated Succesfully...
2019-10-04 09:38:19.032  INFO 7576 --- [http-nio-8082-exec-6] com.cg.pcm.controller.ProjectController  : Project Updated Succesfully...
2019-10-04 09:38:19.039  INFO 7576 --- [http-nio-8082-exec-6] com.cg.pcm.controller.ProjectController  : Project Updated Succesfully...
2019-10-04 09:38:31.298  INFO 7576 --- [http-nio-8082-exec-8] com.cg.pcm.controller.ProjectController  : Fetching all Projects... 
2019-10-04 09:38:31.299  INFO 7576 --- [http-nio-8082-exec-8] com.cg.pcm.controller.ProjectController  : Fetching All Projects...
2019-10-04 09:39:28.861  INFO 7576 --- [http-nio-8082-exec-10] com.cg.pcm.controller.ProjectController  : displaying project by given Id...
2019-10-04 09:39:28.868  INFO 7576 --- [http-nio-8082-exec-10] com.cg.pcm.controller.ProjectController  : Fetching Project by given Id...
2019-10-04 09:39:33.123  INFO 7576 --- [http-nio-8082-exec-1] com.cg.pcm.controller.ProjectController  : ProjectDescription validated Succesfully...
2019-10-04 09:39:33.123  INFO 7576 --- [http-nio-8082-exec-1] com.cg.pcm.controller.ProjectController  : Start And End Date validated Succesfully...
2019-10-04 09:39:33.123  INFO 7576 --- [http-nio-8082-exec-1] com.cg.pcm.controller.ProjectController  : Project Updated Succesfully...
2019-10-04 09:39:33.126  INFO 7576 --- [http-nio-8082-exec-1] com.cg.pcm.controller.ProjectController  : Project Updated Succesfully...
2019-10-04 09:39:34.976  INFO 7576 --- [http-nio-8082-exec-2] com.cg.pcm.controller.ProjectController  : Fetching all Projects... 
2019-10-04 09:39:34.977  INFO 7576 --- [http-nio-8082-exec-2] com.cg.pcm.controller.ProjectController  : Fetching All Projects...
2019-10-04 09:39:47.974  INFO 7576 --- [http-nio-8082-exec-5] com.cg.pcm.controller.ProjectController  : Project Deleted By Given Id...
2019-10-04 09:39:48.489  INFO 7576 --- [http-nio-8082-exec-5] com.cg.pcm.controller.ProjectController  : Project deleted Succesfully...
2019-10-04 09:39:48.494  INFO 7576 --- [http-nio-8082-exec-6] com.cg.pcm.controller.ProjectController  : Fetching all Projects... 
2019-10-04 09:39:48.495  INFO 7576 --- [http-nio-8082-exec-6] com.cg.pcm.controller.ProjectController  : Fetching All Projects...
2019-10-04 09:39:55.165  INFO 7576 --- [http-nio-8082-exec-7] com.cg.pcm.controller.ProjectController  : Fetching all Projects... 
2019-10-04 09:39:55.166  INFO 7576 --- [http-nio-8082-exec-7] com.cg.pcm.controller.ProjectController  : Fetching All Projects...
2019-10-04 09:40:05.002  INFO 7576 --- [http-nio-8082-exec-9] com.cg.pcm.controller.ProjectController  : displaying project by given Id...
2019-10-04 09:40:05.008  INFO 7576 --- [http-nio-8082-exec-9] com.cg.pcm.controller.ProjectController  : Fetching Project by given Id...
2019-10-04 09:40:06.829  INFO 7576 --- [http-nio-8082-exec-1] com.cg.pcm.controller.ProjectController  : Project Deleted By Given Id...
2019-10-04 09:40:06.861  INFO 7576 --- [http-nio-8082-exec-1] com.cg.pcm.controller.ProjectController  : Project deleted Succesfully...
2019-10-04 09:40:06.867  INFO 7576 --- [http-nio-8082-exec-2] com.cg.pcm.controller.ProjectController  : displaying project by given Id...
2019-10-04 09:40:06.869  INFO 7576 --- [http-nio-8082-exec-2] com.cg.pcm.controller.ProjectController  : Given ID Doesn't exists...
2019-10-04 09:40:16.891  INFO 7576 --- [http-nio-8082-exec-4] com.cg.pcm.controller.ProjectController  : Fetching all Projects... 
2019-10-04 09:40:16.892  INFO 7576 --- [http-nio-8082-exec-4] com.cg.pcm.controller.ProjectController  : Fetching All Projects...
2019-10-04 09:40:20.182  INFO 7576 --- [http-nio-8082-exec-6] com.cg.pcm.controller.ProjectController  : Fetching all Projects... 
2019-10-04 09:40:20.182  INFO 7576 --- [http-nio-8082-exec-6] com.cg.pcm.controller.ProjectController  : Fetching All Projects...
2019-10-04 09:40:26.413  INFO 7576 --- [http-nio-8082-exec-7] com.cg.pcm.controller.ProjectController  : displaying project by given Id...
2019-10-04 09:40:26.421  INFO 7576 --- [http-nio-8082-exec-7] com.cg.pcm.controller.ProjectController  : Fetching Project by given Id...
2019-10-04 09:40:28.202  INFO 7576 --- [http-nio-8082-exec-10] com.cg.pcm.controller.ProjectController  : Project Deleted By Given Id...
2019-10-04 09:40:28.657  INFO 7576 --- [http-nio-8082-exec-10] com.cg.pcm.controller.ProjectController  : Project deleted Succesfully...
2019-10-04 09:40:28.663  INFO 7576 --- [http-nio-8082-exec-1] com.cg.pcm.controller.ProjectController  : displaying project by given Id...
2019-10-04 09:40:28.665  INFO 7576 --- [http-nio-8082-exec-1] com.cg.pcm.controller.ProjectController  : Given ID Doesn't exists...
2019-10-04 09:40:39.041  INFO 7576 --- [http-nio-8082-exec-3] com.cg.pcm.controller.ProjectController  : displaying project by given Id...
2019-10-04 09:40:39.046  INFO 7576 --- [http-nio-8082-exec-3] com.cg.pcm.controller.ProjectController  : Given ID Doesn't exists...
2019-10-04 09:42:09.962  INFO 7576 --- [http-nio-8082-exec-5] com.cg.pcm.controller.ProjectController  : displaying project by given Id...
2019-10-04 09:42:09.974  INFO 7576 --- [http-nio-8082-exec-5] com.cg.pcm.controller.ProjectController  : Given ID Doesn't exists...
2019-10-04 09:42:12.419  INFO 7576 --- [http-nio-8082-exec-6] com.cg.pcm.controller.ProjectController  : Fetching all Projects... 
2019-10-04 09:42:12.419  INFO 7576 --- [http-nio-8082-exec-6] com.cg.pcm.controller.ProjectController  : Fetching All Projects...
2019-10-04 09:42:21.959  INFO 7576 --- [http-nio-8082-exec-8] com.cg.pcm.controller.ProjectController  : displaying project by given Id...
2019-10-04 09:42:21.964  INFO 7576 --- [http-nio-8082-exec-8] com.cg.pcm.controller.ProjectController  : Fetching Project by given Id...
2019-10-04 09:42:23.951  INFO 7576 --- [http-nio-8082-exec-10] com.cg.pcm.controller.ProjectController  : Project Deleted By Given Id...
2019-10-04 09:42:24.035  INFO 7576 --- [http-nio-8082-exec-10] com.cg.pcm.controller.ProjectController  : Project deleted Succesfully...
2019-10-04 09:42:24.048  INFO 7576 --- [http-nio-8082-exec-1] com.cg.pcm.controller.ProjectController  : displaying project by given Id...
2019-10-04 09:42:24.051  INFO 7576 --- [http-nio-8082-exec-1] com.cg.pcm.controller.ProjectController  : Given ID Doesn't exists...
2019-10-04 09:43:03.167  INFO 7576 --- [http-nio-8082-exec-3] com.cg.pcm.controller.ProjectController  : Fetching all Projects... 
2019-10-04 09:43:03.167  INFO 7576 --- [http-nio-8082-exec-3] com.cg.pcm.controller.ProjectController  : Fetching All Projects...
2019-10-04 09:43:08.658  INFO 7576 --- [http-nio-8082-exec-4] com.cg.pcm.controller.ProjectController  : displaying project by given Id...
2019-10-04 09:43:08.665  INFO 7576 --- [http-nio-8082-exec-4] com.cg.pcm.controller.ProjectController  : Fetching Project by given Id...
2019-10-04 09:43:10.177  INFO 7576 --- [http-nio-8082-exec-6] com.cg.pcm.controller.ProjectController  : Project Deleted By Given Id...
2019-10-04 09:43:10.309  INFO 7576 --- [http-nio-8082-exec-6] com.cg.pcm.controller.ProjectController  : Project deleted Succesfully...
2019-10-04 09:43:10.316  INFO 7576 --- [http-nio-8082-exec-7] com.cg.pcm.controller.ProjectController  : displaying project by given Id...
2019-10-04 09:43:10.319  INFO 7576 --- [http-nio-8082-exec-7] com.cg.pcm.controller.ProjectController  : Given ID Doesn't exists...
2019-10-04 09:43:14.870  INFO 7576 --- [http-nio-8082-exec-8] com.cg.pcm.controller.ProjectController  : Fetching all Projects... 
2019-10-04 09:43:14.871  INFO 7576 --- [http-nio-8082-exec-8] com.cg.pcm.controller.ProjectController  : Fetching All Projects...
2019-10-04 09:51:56.603  INFO 7576 --- [http-nio-8082-exec-1] com.cg.pcm.controller.ProjectController  : Fetching all Projects... 
2019-10-04 09:51:56.604  INFO 7576 --- [http-nio-8082-exec-1] com.cg.pcm.controller.ProjectController  : Fetching All Projects...
2019-10-04 09:59:33.532  INFO 9724 --- [main] com.cg.pcm.test.ProjectCodeModuleTest    : Starting ProjectCodeModuleTest on PUNHWD12802 with PID 9724 (started by kriverma in D:\Krishna\STS\ProjectCode)
2019-10-04 09:59:33.534  INFO 9724 --- [main] com.cg.pcm.test.ProjectCodeModuleTest    : No active profile set, falling back to default profiles: default
2019-10-04 09:59:36.707  INFO 9724 --- [main] .s.d.r.c.RepositoryConfigurationDelegate : Bootstrapping Spring Data repositories in DEFAULT mode.
2019-10-04 09:59:36.911  INFO 9724 --- [main] .s.d.r.c.RepositoryConfigurationDelegate : Finished Spring Data repository scanning in 196ms. Found 1 repository interfaces.
2019-10-04 09:59:37.606  INFO 9724 --- [main] trationDelegate$BeanPostProcessorChecker : Bean 'org.springframework.transaction.annotation.ProxyTransactionManagementConfiguration' of type [org.springframework.transaction.annotation.ProxyTransactionManagementConfiguration$$EnhancerBySpringCGLIB$$d916b548] is not eligible for getting processed by all BeanPostProcessors (for example: not eligible for auto-proxying)
2019-10-04 09:59:38.387  INFO 9724 --- [main] com.zaxxer.hikari.HikariDataSource       : HikariPool-1 - Starting...
2019-10-04 09:59:39.068  INFO 9724 --- [main] com.zaxxer.hikari.HikariDataSource       : HikariPool-1 - Start completed.
2019-10-04 09:59:39.792  INFO 9724 --- [main] o.hibernate.jpa.internal.util.LogHelper  : HHH000204: Processing PersistenceUnitInfo [
	name: default
	...]
2019-10-04 09:59:40.719  INFO 9724 --- [main] org.hibernate.Version                    : HHH000412: Hibernate Core {5.3.11.Final}
2019-10-04 09:59:40.722  INFO 9724 --- [main] org.hibernate.cfg.Environment            : HHH000206: hibernate.properties not found
2019-10-04 09:59:42.359  INFO 9724 --- [main] o.hibernate.annotations.common.Version   : HCANN000001: Hibernate Commons Annotations {5.0.4.Final}
2019-10-04 09:59:44.597  INFO 9724 --- [main] org.hibernate.dialect.Dialect            : HHH000400: Using dialect: org.hibernate.dialect.MariaDB103Dialect
2019-10-04 09:59:49.982  INFO 9724 --- [main] j.LocalContainerEntityManagerFactoryBean : Initialized JPA EntityManagerFactory for persistence unit 'default'
2019-10-04 09:59:52.462  INFO 9724 --- [main] o.s.s.concurrent.ThreadPoolTaskExecutor  : Initializing ExecutorService 'applicationTaskExecutor'
2019-10-04 09:59:52.544  WARN 9724 --- [main] aWebConfiguration$JpaWebMvcConfiguration : spring.jpa.open-in-view is enabled by default. Therefore, database queries may be performed during view rendering. Explicitly configure spring.jpa.open-in-view to disable this warning
2019-10-04 09:59:52.945  INFO 9724 --- [main] com.cg.pcm.test.ProjectCodeModuleTest    : Started ProjectCodeModuleTest in 23.289 seconds (JVM running for 24.167)
2019-10-04 09:59:54.111  INFO 9724 --- [main] com.cg.pcm.controller.ProjectController  : Fetching Project by given Id...
2019-10-04 09:59:54.112  INFO 9724 --- [main] com.cg.pcm.controller.ProjectController  : Project Updated Succesfully...
2019-10-04 09:59:55.058  INFO 9724 --- [main] com.cg.pcm.controller.ProjectController  : Fetching All Projects...
2019-10-04 09:59:55.068  INFO 9724 --- [main] com.cg.pcm.controller.ProjectController  : Project deleted Succesfully...
2019-10-04 09:59:55.071  INFO 9724 --- [main] com.cg.pcm.controller.ProjectController  : Project deleted Succesfully...
2019-10-04 09:59:55.076  INFO 9724 --- [main] com.cg.pcm.controller.ProjectController  : Fetching Project by given Id...
2019-10-04 09:59:55.126  INFO 9724 --- [Thread-3] o.s.s.concurrent.ThreadPoolTaskExecutor  : Shutting down ExecutorService 'applicationTaskExecutor'
2019-10-04 09:59:55.127  INFO 9724 --- [Thread-3] j.LocalContainerEntityManagerFactoryBean : Closing JPA EntityManagerFactory for persistence unit 'default'
2019-10-04 09:59:55.130  INFO 9724 --- [Thread-3] com.zaxxer.hikari.HikariDataSource       : HikariPool-1 - Shutdown initiated...
2019-10-04 09:59:55.141  INFO 9724 --- [Thread-3] com.zaxxer.hikari.HikariDataSource       : HikariPool-1 - Shutdown completed.
2019-10-04 10:09:53.058  INFO 11168 --- [main] com.cg.pcm.test.ProjectCodeModuleTest    : Starting ProjectCodeModuleTest on PUNHWD12802 with PID 11168 (started by kriverma in D:\Krishna\STS\ProjectCode)
2019-10-04 10:09:53.074  INFO 11168 --- [main] com.cg.pcm.test.ProjectCodeModuleTest    : No active profile set, falling back to default profiles: default
2019-10-04 10:09:54.992  INFO 11168 --- [main] .s.d.r.c.RepositoryConfigurationDelegate : Bootstrapping Spring Data repositories in DEFAULT mode.
2019-10-04 10:09:55.196  INFO 11168 --- [main] .s.d.r.c.RepositoryConfigurationDelegate : Finished Spring Data repository scanning in 204ms. Found 1 repository interfaces.
2019-10-04 10:09:55.651  INFO 11168 --- [main] trationDelegate$BeanPostProcessorChecker : Bean 'org.springframework.transaction.annotation.ProxyTransactionManagementConfiguration' of type [org.springframework.transaction.annotation.ProxyTransactionManagementConfiguration$$EnhancerBySpringCGLIB$$b71b7d49] is not eligible for getting processed by all BeanPostProcessors (for example: not eligible for auto-proxying)
2019-10-04 10:09:56.275  INFO 11168 --- [main] com.zaxxer.hikari.HikariDataSource       : HikariPool-1 - Starting...
2019-10-04 10:09:56.681  INFO 11168 --- [main] com.zaxxer.hikari.HikariDataSource       : HikariPool-1 - Start completed.
2019-10-04 10:09:57.213  INFO 11168 --- [main] o.hibernate.jpa.internal.util.LogHelper  : HHH000204: Processing PersistenceUnitInfo [
	name: default
	...]
2019-10-04 10:09:58.165  INFO 11168 --- [main] org.hibernate.Version                    : HHH000412: Hibernate Core {5.3.11.Final}
2019-10-04 10:09:58.165  INFO 11168 --- [main] org.hibernate.cfg.Environment            : HHH000206: hibernate.properties not found
2019-10-04 10:09:59.305  INFO 11168 --- [main] o.hibernate.annotations.common.Version   : HCANN000001: Hibernate Commons Annotations {5.0.4.Final}
2019-10-04 10:10:01.448  INFO 11168 --- [main] org.hibernate.dialect.Dialect            : HHH000400: Using dialect: org.hibernate.dialect.MariaDB103Dialect
2019-10-04 10:10:05.692  INFO 11168 --- [main] j.LocalContainerEntityManagerFactoryBean : Initialized JPA EntityManagerFactory for persistence unit 'default'
2019-10-04 10:10:06.993  INFO 11168 --- [main] o.s.s.concurrent.ThreadPoolTaskExecutor  : Initializing ExecutorService 'applicationTaskExecutor'
2019-10-04 10:10:07.041  WARN 11168 --- [main] aWebConfiguration$JpaWebMvcConfiguration : spring.jpa.open-in-view is enabled by default. Therefore, database queries may be performed during view rendering. Explicitly configure spring.jpa.open-in-view to disable this warning
2019-10-04 10:10:07.405  INFO 11168 --- [main] com.cg.pcm.test.ProjectCodeModuleTest    : Started ProjectCodeModuleTest in 15.97 seconds (JVM running for 21.944)
2019-10-04 10:10:07.829  INFO 11168 --- [main] com.cg.pcm.controller.ProjectController  : Fetching Project by given Id...
2019-10-04 10:10:07.829  INFO 11168 --- [main] com.cg.pcm.controller.ProjectController  : Project Updated Succesfully...
2019-10-04 10:10:07.845  INFO 11168 --- [main] com.cg.pcm.controller.ProjectController  : Fetching All Projects...
2019-10-04 10:10:07.860  INFO 11168 --- [main] com.cg.pcm.controller.ProjectController  : Project deleted Succesfully...
2019-10-04 10:10:07.860  INFO 11168 --- [main] com.cg.pcm.controller.ProjectController  : Project deleted Succesfully...
2019-10-04 10:10:07.860  INFO 11168 --- [main] com.cg.pcm.controller.ProjectController  : Fetching Project by given Id...
2019-10-04 10:10:07.860  INFO 11168 --- [main] com.cg.pcm.controller.ProjectController  : Project added Succesfully...
2019-10-04 10:10:07.923  INFO 11168 --- [Thread-3] o.s.s.concurrent.ThreadPoolTaskExecutor  : Shutting down ExecutorService 'applicationTaskExecutor'
2019-10-04 10:10:07.923  INFO 11168 --- [Thread-3] j.LocalContainerEntityManagerFactoryBean : Closing JPA EntityManagerFactory for persistence unit 'default'
2019-10-04 10:10:07.923  INFO 11168 --- [Thread-3] com.zaxxer.hikari.HikariDataSource       : HikariPool-1 - Shutdown initiated...
2019-10-04 10:10:08.032  INFO 11168 --- [Thread-3] com.zaxxer.hikari.HikariDataSource       : HikariPool-1 - Shutdown completed.
2019-10-04 10:15:40.324  INFO 7576 --- [http-nio-8082-exec-3] com.cg.pcm.controller.ProjectController  : Fetching all Projects... 
2019-10-04 10:15:40.324  INFO 7576 --- [http-nio-8082-exec-3] com.cg.pcm.controller.ProjectController  : Fetching All Projects...
2019-10-04 10:17:28.879  INFO 7576 --- [http-nio-8082-exec-6] com.cg.pcm.controller.ProjectController  : Fetching all Projects... 
2019-10-04 10:17:28.879  INFO 7576 --- [http-nio-8082-exec-6] com.cg.pcm.controller.ProjectController  : Fetching All Projects...
2019-10-04 10:17:28.897  INFO 7576 --- [http-nio-8082-exec-7] com.cg.pcm.controller.ProjectController  : ProjectDescription validated Succesfully...
2019-10-04 10:17:28.897  INFO 7576 --- [http-nio-8082-exec-7] com.cg.pcm.controller.ProjectController  : Start And End Date validated Succesfully...
2019-10-04 10:17:28.897  INFO 7576 --- [http-nio-8082-exec-7] com.cg.pcm.controller.ProjectController  : Project Added
2019-10-04 10:17:28.897  INFO 7576 --- [http-nio-8082-exec-7] com.cg.pcm.controller.ProjectController  : Project added Succesfully...
2019-10-04 10:17:38.984  INFO 7576 --- [http-nio-8082-exec-8] com.cg.pcm.controller.ProjectController  : ProjectDescription validated Succesfully...
2019-10-04 10:17:38.985  INFO 7576 --- [http-nio-8082-exec-8] com.cg.pcm.controller.ProjectController  : Start And End Date validated Succesfully...
2019-10-04 10:17:38.985  INFO 7576 --- [http-nio-8082-exec-8] com.cg.pcm.controller.ProjectController  : Project Added
2019-10-04 10:17:38.985  INFO 7576 --- [http-nio-8082-exec-8] com.cg.pcm.controller.ProjectController  : Project added Succesfully...
2019-10-04 10:17:40.035  INFO 7576 --- [http-nio-8082-exec-9] com.cg.pcm.controller.ProjectController  : Fetching all Projects... 
2019-10-04 10:17:40.035  INFO 7576 --- [http-nio-8082-exec-9] com.cg.pcm.controller.ProjectController  : Fetching All Projects...
